"../../../Engine/Content/Animation/DefaultAnimBoneCompressionSettings.uasset" 0
"../../../Engine/Content/Animation/DefaultAnimCurveCompressionSettings.uasset" 1
"../../../Engine/Content/Functions/Engine_MaterialFunctions01/Opacity/CameraDepthFade.uasset" 2
"../../../Engine/Content/EngineMaterials/T_Default_Material_Grid_M.uasset" 3
"../../../Engine/Content/EngineMaterials/T_Default_Material_Grid_N.uasset" 4
"../../../Engine/Content/EngineMaterials/WorldGridMaterial.uasset" 5
"../../../Engine/Content/ArtTools/RenderToTexture/Meshes/S_1_Unit_Plane.uasset" 6
"../../../Engine/Content/EngineMaterials/DefaultMaterial.uasset" 7
"../../../Engine/Content/BasicShapes/Cone.uasset" 8
"../../../Engine/Content/BasicShapes/Plane.uasset" 9
"../../../Engine/Content/EditorLandscapeResources/DataLayer.uasset" 10
"../../../Engine/Content/EditorMaterials/MAT_Groups_Toggle.uasset" 11
"../../../Engine/Content/EditorMaterials/MAT_Groups_Visibility.uasset" 12
"../../../Engine/Content/EditorMaterials/PreviewShadowIndicator.uasset" 13
"../../../Engine/Content/EditorMaterials/PreviewShadowIndicatorMaterial.uasset" 14
"../../../Engine/Content/EditorMaterials/MatineeGroups/MAT_ColorTrack.uasset" 15
"../../../Engine/Content/EditorMaterials/MatineeGroups/MAT_Groups_Anim.uasset" 16
"../../../Engine/Content/EditorMaterials/MatineeGroups/MAT_Groups_AudioMaster.uasset" 17
"../../../Engine/Content/EditorMaterials/MatineeGroups/MAT_Groups_Director.uasset" 18
"../../../Engine/Content/EditorMaterials/MatineeGroups/MAT_Groups_Event.uasset" 19
"../../../Engine/Content/EditorMaterials/MatineeGroups/MAT_Groups_Fade.uasset" 20
"../../../Engine/Content/EditorMaterials/MatineeGroups/MAT_Groups_Float.uasset" 21
"../../../Engine/Content/EditorMaterials/MatineeGroups/MAT_Groups_Move.uasset" 22
"../../../Engine/Content/EditorMaterials/MatineeGroups/MAT_Groups_Slomo.uasset" 23
"../../../Engine/Content/EditorMaterials/MatineeGroups/MAT_Groups_Sound.uasset" 24
"../../../Engine/Content/EditorMaterials/MatineeGroups/MAT_Groups_Vector.uasset" 25
"../../../Engine/Content/EditorMaterials/ParticleSystems/PSysThumbnail_NoImage.uasset" 26
"../../../Engine/Content/EditorMaterials/ParticleSystems/PSysThumbnail_OOD.uasset" 27
"../../../Engine/Content/EditorMaterials/Camera/CineMat.uasset" 28
"../../../Engine/Content/EditorMaterials/Camera/MI_CineMat_Rig.uasset" 29
"../../../Engine/Content/EditorMeshes/Camera/SM_CraneRig_Arm.uasset" 30
"../../../Engine/Content/EditorMeshes/Camera/SM_CraneRig_Base.uasset" 31
"../../../Engine/Content/EditorMeshes/Camera/SM_CraneRig_Body.uasset" 32
"../../../Engine/Content/EditorMeshes/Camera/SM_CraneRig_Mount.uasset" 33
"../../../Engine/Content/EditorMeshes/Camera/SM_RailRig_Mount.uasset" 34
"../../../Engine/Content/EditorMeshes/Camera/SM_RailRig_Track.uasset" 35
"../../../Engine/Content/EditorResources/BSPVertex.uasset" 36
"../../../Engine/Content/EditorResources/EmptyActor.uasset" 37
"../../../Engine/Content/EditorResources/S_Actor.uasset" 38
"../../../Engine/Content/EditorResources/S_Note.uasset" 39
"../../../Engine/Content/EditorResources/S_Solver.uasset" 40
"../../../Engine/Content/EditorResources/S_Trigger.uasset" 41
"../../../Engine/Content/EditorResources/LightIcons/S_LightError.uasset" 42
"../../../Engine/Content/EditorResources/SequenceRecorder/Countdown.uasset" 43
"../../../Engine/Content/EditorResources/SequenceRecorder/RecordingIndicator.uasset" 44
"../../../Engine/Content/EditorSounds/Notifications/CompileFailed.uasset" 45
"../../../Engine/Content/EditorSounds/Notifications/CompileFailed_Cue.uasset" 46
"../../../Engine/Content/EditorSounds/Notifications/CompileSuccess.uasset" 47
"../../../Engine/Content/EditorSounds/Notifications/CompileStart_Cue.uasset" 48
"../../../Engine/Content/EditorSounds/Notifications/CompileSuccess_Cue.uasset" 49
"../../../Engine/Content/EngineDamageTypes/DmgTypeBP_Environmental.uasset" 50
"../../../Engine/Content/EngineDebugMaterials/DebugEditorMaterial.uasset" 51
"../../../Engine/Content/EngineDebugMaterials/DebugMeshMaterial.uasset" 52
"../../../Engine/Content/EngineDebugMaterials/M_SimpleUnlitTranslucent.uasset" 53
"../../../Engine/Content/Functions/Engine_MaterialFunctions02/Utility/CameraDirectionVector.uasset" 54
"../../../Engine/Content/EngineDebugMaterials/VolumeToRender.uasset" 55
"../../../Engine/Content/EngineDebugMaterials/M_VolumeRenderSphereTracePP.uasset" 56
"../../../Engine/Content/EngineDebugMaterials/WireframeMaterial.uasset" 57
"../../../Engine/Content/EngineFonts/Faces/DroidSansFallback.uasset" 58
"../../../Engine/Content/EngineFonts/Faces/RobotoBold.uasset" 59
"../../../Engine/Content/EngineFonts/Faces/RobotoBoldItalic.uasset" 60
"../../../Engine/Content/EngineFonts/Faces/RobotoItalic.uasset" 61
"../../../Engine/Content/EngineFonts/Faces/RobotoLight.uasset" 62
"../../../Engine/Content/EngineFonts/Faces/RobotoRegular.uasset" 63
"../../../Engine/Content/EngineFonts/Roboto.uasset" 64
"../../../Engine/Content/EngineMaterials/BaseFlattenDiffuseMap.uasset" 65
"../../../Engine/Content/EngineMaterials/BaseFlattenEmissiveMap.uasset" 66
"../../../Engine/Content/EngineMaterials/BaseFlattenGrayscaleMap.uasset" 67
"../../../Engine/Content/EngineMaterials/BaseFlattenNormalMap.uasset" 68
"../../../Engine/Content/EngineMaterials/BaseFlattenMaterial.uasset" 69
"../../../Engine/Content/EngineMaterials/BlueNoise.uasset" 70
"../../../Engine/Content/EngineMaterials/DefaultBloomKernel.uasset" 71
"../../../Engine/Content/EngineMaterials/DefaultBokeh.uasset" 72
"../../../Engine/Content/EngineMaterials/DefaultDiffuse.uasset" 73
"../../../Engine/Content/EngineMaterials/DefaultDeferredDecalMaterial.uasset" 74
"../../../Engine/Content/EngineMaterials/DefaultLightFunctionMaterial.uasset" 75
"../../../Engine/Content/EngineMaterials/DefaultPhysicalMaterial.uasset" 76
"../../../Engine/Content/Functions/Engine_MaterialFunctions02/Utility/BreakOutFloat2Components.uasset" 77
"../../../Engine/Content/EngineMaterials/DefaultPostProcessMaterial.uasset" 78
"../../../Engine/Content/EngineFonts/RobotoDistanceField.uasset" 79
"../../../Engine/Content/EngineMaterials/DefaultTextMaterialOpaque.uasset" 80
"../../../Engine/Content/EngineMaterials/DefaultWhiteGrid.uasset" 81
"../../../Engine/Content/EngineMaterials/DefaultWhiteGrid_Low.uasset" 82
"../../../Engine/Content/EngineMaterials/EmissiveMeshMaterial.uasset" 83
"../../../Engine/Content/EngineMaterials/GizmoMaterial.uasset" 84
"../../../Engine/Content/EngineMaterials/MiniFont.uasset" 85
"../../../Engine/Content/EngineMaterials/InvalidLightmapSettings.uasset" 86
"../../../Engine/Content/EngineMaterials/M_InvalidLightmapSettings.uasset" 87
"../../../Engine/Content/Functions/Engine_MaterialFunctions02/WorldPositionOffset/CameraOffset.uasset" 88
"../../../Engine/Content/EngineMaterials/PhAT_JointLimitMaterial.uasset" 89
"../../../Engine/Content/EngineMaterials/PreintegratedSkinBRDF.uasset" 90
"../../../Engine/Content/EngineMaterials/RemoveSurfaceMaterial.uasset" 91
"../../../Engine/Content/EngineMaterials/WeightMapPlaceholderTexture.uasset" 92
"../../../Engine/Content/EngineResources/WhiteSquareTexture.uasset" 93
"../../../Engine/Content/EngineMaterials/Widget3DPassThrough.uasset" 94
"../../../Engine/Content/EngineMaterials/Widget3DPassThrough_Masked.uasset" 95
"../../../Engine/Content/EngineMaterials/Widget3DPassThrough_Opaque.uasset" 96
"../../../Engine/Content/EngineMaterials/Widget3DPassThrough_Masked_OneSided.uasset" 97
"../../../Engine/Content/EngineMaterials/Widget3DPassThrough_Opaque_OneSided.uasset" 98
"../../../Engine/Content/EngineMaterials/Widget3DPassThrough_Translucent.uasset" 99
"../../../Engine/Content/EngineMaterials/Widget3DPassThrough_Translucent_OneSided.uasset" 100
"../../../Engine/Content/EngineMeshes/Cylinder.uasset" 101
"../../../Engine/Content/EngineMeshes/Sphere.uasset" 102
"../../../Engine/Content/EngineResources/Black.uasset" 103
"../../../Engine/Content/EngineResources/DefaultTexture.uasset" 104
"../../../Engine/Content/EngineResources/DefaultTextureCube.uasset" 105
"../../../Engine/Content/EngineResources/DefaultVolumeTexture2D.uasset" 106
"../../../Engine/Content/EngineResources/DefaultVolumeTexture.uasset" 107
"../../../Engine/Content/EngineResources/GradientTexture0.uasset" 108
"../../../Engine/Content/EngineSounds/Master.uasset" 109
"../../../Engine/Content/Functions/Engine_MaterialFunctions01/Shading/ConvertFromDiffSpec.uasset" 110
"../../../Engine/Content/Functions/Engine_MaterialFunctions01/Shading/PowerToRoughness.uasset" 111
"../../../Engine/Content/Maps/Templates/Thumbnails/Default.uasset" 112
"../../../Engine/Content/Maps/Templates/Thumbnails/TimeOfDay.uasset" 113
"../../../Engine/Content/Maps/Templates/Thumbnails/VR-Basic.uasset" 114
"../../../Engine/Content/MobileResources/T_MobileControls_texture.uasset" 115
"../../../Engine/Content/MobileResources/T_MobileMenu2.uasset" 116
"../../../Engine/Content/MobileResources/HUD/AnalogHat.uasset" 117
"../../../Engine/Content/MobileResources/HUD/VirtualJoystick_Background.uasset" 118
"../../../Engine/Content/MobileResources/HUD/VirtualJoystick_Thumb.uasset" 119
"../../../Engine/Content/MobileResources/HUD/DefaultVirtualJoysticks.uasset" 120
"../../../Engine/Content/MobileResources/HUD/LeftVirtualJoystickOnly.uasset" 121
"../../../Engine/Content/MobileResources/HUD/MobileHUDButton1_off.uasset" 122
"../../../Engine/Content/MobileResources/HUD/MobileHUDButton1_on.uasset" 123
"../../../Engine/Content/MobileResources/HUD/MobileHUDButton2_off.uasset" 124
"../../../Engine/Content/MobileResources/HUD/MobileHUDButton2_on.uasset" 125
"../../../Engine/Content/MobileResources/HUD/MobileHUDButton3.uasset" 126
"../../../Engine/Content/MobileResources/HUD/MobileHUDButtonFire.uasset" 127
"../../../Engine/Content/MobileResources/HUD/MobileHUDDirectionPad.uasset" 128
"../../../Engine/Content/MobileResources/HUD/MobileHUDDirectionPad2.uasset" 129
"../../../Engine/Content/MobileResources/HUD/MobileHUDDirectionPad3.uasset" 130
"../../../Engine/Content/MobileResources/HUD/MobileHUDDirectionStick.uasset" 131
"../../../Engine/Content/MobileResources/HUD/T_Castle_ThumbstickInner.uasset" 132
"../../../Engine/Content/MobileResources/HUD/T_Castle_ThumbstickOutter.uasset" 133
"../../../Engine/Content/Tutorial/ContentIntroCurve.uasset" 134
"../../../Engine/Content/Tutorial/Basics/LevelEditorAttract.uasset" 135
"../../../Engine/Content/Tutorial/Basics/TutorialAssets/icon_tab_Levels_40x.uasset" 136
"../../../Engine/Content/Tutorial/Basics/LevelEditorOverview.uasset" 137
"../../../Engine/Content/Tutorial/Landscape/TutorialAssets/Landscape.uasset" 138
"../../../Engine/Content/Tutorial/Landscape/LandscapeWalkThrough.uasset" 139
"../../../Engine/Content/Tutorial/Landscape/Landscape_Manage_Mode.uasset" 140
"../../../Engine/Content/EditorBlueprintResources/StandardMacros.uasset" 141
"../../../Engine/Content/Tutorial/Landscape/Landscape_Painting_Mode.uasset" 142
"../../../Engine/Content/Tutorial/Landscape/Landscape_Sculpt_Mode.uasset" 143
"../../../Engine/Content/VREditor/LaserPointer/VR_LaserPower_01.uasset" 144
"../../../Engine/Content/VREditor/TransformGizmo/TransformGizmoMaterial.uasset" 145
"../../../Engine/Content/VREditor/TransformGizmo/TranslucentTransformGizmoMaterial.uasset" 146
"../../../Engine/Content/VREditor/TransformGizmo/BoundingBoxCorner.uasset" 147
"../../../Engine/Content/VREditor/TransformGizmo/BoundingBoxEdge.uasset" 148
"../../../Engine/Content/VREditor/TransformGizmo/PlaneTranslationHandle.uasset" 149
"../../../Engine/Content/VREditor/TransformGizmo/Main.uasset" 150
"../../../Engine/Content/VREditor/TransformGizmo/Xray.uasset" 151
"../../../Engine/Content/VREditor/TransformGizmo/SM_Sequencer_Key.uasset" 152
"../../../Engine/Content/VREditor/TransformGizmo/SM_Sequencer_Node.uasset" 153
"../../Plugins/2D/Paper2D/Content/PlaceholderTextures/DummySpriteTexture.uasset" 154
"../../Plugins/2D/Paper2D/Content/DummySprite.uasset" 155
"../../Plugins/2D/Paper2D/Content/DefaultPaperTerrainMaterial.uasset" 156
"../../Plugins/2D/Paper2D/Content/DefaultSpriteMaterial.uasset" 157
"../../Plugins/2D/Paper2D/Content/MaskedUnlitSpriteMaterial.uasset" 158
"../../Plugins/2D/Paper2D/Content/OpaqueUnlitSpriteMaterial.uasset" 159
"../../Plugins/FX/Niagara/Content/Enums/ENiagaraBooleanLogicOps.uasset" 160
"../../Plugins/FX/Niagara/Content/Enums/ENiagaraCoordinateSpace.uasset" 161
"../../Plugins/FX/Niagara/Content/Enums/ENiagaraExpansionMode.uasset" 162
"../../Plugins/FX/Niagara/Content/Enums/ENiagaraOrientationAxis.uasset" 163
"../../Plugins/FX/Niagara/Content/Enums/ENiagaraRandomnessMode.uasset" 164
"../../../Engine/Content/Functions/Engine_MaterialFunctions02/Utility/BreakOutFloat4Components.uasset" 165
"../../../Engine/Content/Functions/Engine_MaterialFunctions02/Utility/MakeFloat2.uasset" 166
"../../../Engine/Content/Functions/Engine_MaterialFunctions02/Utility/MakeFloat3.uasset" 167
"../../Plugins/Runtime/Oculus/OculusVR/Content/Materials/OculusMR_ChromaKey.uasset" 168
"../../Plugins/Runtime/Oculus/OculusVR/Content/Materials/OculusMR_ChromaKey_Lit.uasset" 169
"../../Plugins/Runtime/Oculus/OculusVR/Content/Materials/OculusMR_OpaqueColoredMaterial.uasset" 170
"../../Plugins/Runtime/Oculus/OculusVR/Content/Materials/OculusMR_WhiteMaterial.uasset" 171
"../../../../../../Users/Domin/Downloads/SteamVRInputPlugin_UEIntegratedsave/SteamVRInputPlugin_UEIntegrated 4.25/Content/Blueprints/ELevelStatus.uasset" 172
"../../../../../../Users/Domin/Downloads/SteamVRInputPlugin_UEIntegratedsave/SteamVRInputPlugin_UEIntegrated 4.25/Content/Blueprints/LevelInfo.uasset" 173
"../../../../../../Users/Domin/Downloads/SteamVRInputPlugin_UEIntegratedsave/SteamVRInputPlugin_UEIntegrated 4.25/Content/Blueprints/EscapeSaveGame_BP.uasset" 174
"../../../../../../Users/Domin/Downloads/SteamVRInputPlugin_UEIntegratedsave/SteamVRInputPlugin_UEIntegrated 4.25/Content/Blueprints/EscapeGI_BP.uasset" 175
"../../../../../../Users/Domin/Downloads/SteamVRInputPlugin_UEIntegratedsave/SteamVRInputPlugin_UEIntegrated 4.25/Content/SteamVRAssets/Glove/vr_glove_left_model_slim_Skeleton.uasset" 176
"../../../../../../Users/Domin/Downloads/SteamVRInputPlugin_UEIntegratedsave/SteamVRInputPlugin_UEIntegrated 4.25/Content/Sample/Characters/Hands/SteamVR_Animations/SteamVR_Hand_Left_Bow.uasset" 177
"../../../../../../Users/Domin/Downloads/SteamVRInputPlugin_UEIntegratedsave/SteamVRInputPlugin_UEIntegrated 4.25/Content/Sample/Characters/Hands/SteamVR_Animations/SteamVR_Hand_Left_Controller.uasset" 178
"../../../../../../Users/Domin/Downloads/SteamVRInputPlugin_UEIntegratedsave/SteamVRInputPlugin_UEIntegrated 4.25/Content/Sample/Characters/Hands/SteamVR_Animations/SteamVR_Hand_Left_Cube.uasset" 179
"../../../../../../Users/Domin/Downloads/SteamVRInputPlugin_UEIntegratedsave/SteamVRInputPlugin_UEIntegrated 4.25/Content/Sample/Characters/Hands/SteamVR_Animations/SteamVR_Hand_Left_Open.uasset" 180
"../../../../../../Users/Domin/Downloads/SteamVRInputPlugin_UEIntegratedsave/SteamVRInputPlugin_UEIntegrated 4.25/Content/Sample/Characters/Hands/SteamVR_Animations/SteamVR_Hand_Left_Squishy.uasset" 181
"../../../../../../Users/Domin/Downloads/SteamVRInputPlugin_UEIntegratedsave/SteamVRInputPlugin_UEIntegrated 4.25/Content/EpicTemplates/VRTemplate/Blueprints/GripEnum.uasset" 182
"../../../../../../Users/Domin/Downloads/SteamVRInputPlugin_UEIntegratedsave/SteamVRInputPlugin_UEIntegrated 4.25/Content/Sample/Characters/Hands/HandPoseEnum.uasset" 183
"../../../../../../Users/Domin/Downloads/SteamVRInputPlugin_UEIntegratedsave/SteamVRInputPlugin_UEIntegrated 4.25/Content/Sample/Characters/Hands/HandAnimCommon.uasset" 184
"../../../../../../Users/Domin/Downloads/SteamVRInputPlugin_UEIntegratedsave/SteamVRInputPlugin_UEIntegrated 4.25/Content/Sample/Characters/Hands/HandAnimInterface.uasset" 185
"../../../../../../Users/Domin/Downloads/SteamVRInputPlugin_UEIntegratedsave/SteamVRInputPlugin_UEIntegrated 4.25/Content/Sample/Characters/Hands/SteamVR_Animations/ANIM_Glove_Left.uasset" 186
"../../../Engine/Content/EngineMeshes/Humanoid.uasset" 187
"../../../../../../Users/Domin/Downloads/SteamVRInputPlugin_UEIntegratedsave/SteamVRInputPlugin_UEIntegrated 4.25/Content/SteamVRAssets/Glove/vr_glove_right_model_slim_Skeleton.uasset" 188
"../../../../../../Users/Domin/Downloads/SteamVRInputPlugin_UEIntegratedsave/SteamVRInputPlugin_UEIntegrated 4.25/Content/Sample/Characters/Hands/SteamVR_Animations/SteamVR_Hand_Right_Bow.uasset" 189
"../../../../../../Users/Domin/Downloads/SteamVRInputPlugin_UEIntegratedsave/SteamVRInputPlugin_UEIntegrated 4.25/Content/Sample/Characters/Hands/SteamVR_Animations/SteamVR_Hand_Right_Controller.uasset" 190
"../../../../../../Users/Domin/Downloads/SteamVRInputPlugin_UEIntegratedsave/SteamVRInputPlugin_UEIntegrated 4.25/Content/Sample/Characters/Hands/SteamVR_Animations/SteamVR_Hand_Right_Cube.uasset" 191
"../../../../../../Users/Domin/Downloads/SteamVRInputPlugin_UEIntegratedsave/SteamVRInputPlugin_UEIntegrated 4.25/Content/Sample/Characters/Hands/SteamVR_Animations/SteamVR_Hand_Right_Open.uasset" 192
"../../../../../../Users/Domin/Downloads/SteamVRInputPlugin_UEIntegratedsave/SteamVRInputPlugin_UEIntegrated 4.25/Content/Sample/Characters/Hands/SteamVR_Animations/SteamVR_Hand_Right_Squishy.uasset" 193
"../../../../../../Users/Domin/Downloads/SteamVRInputPlugin_UEIntegratedsave/SteamVRInputPlugin_UEIntegrated 4.25/Content/Sample/Characters/Hands/SteamVR_Animations/ANIM_Glove_Right.uasset" 194
"../../../../../../Users/Domin/Downloads/SteamVRInputPlugin_UEIntegratedsave/SteamVRInputPlugin_UEIntegrated 4.25/Content/EpicTemplates/VRTemplate/Blueprints/PickupActorInterface.uasset" 195
"../../../Engine/Content/Functions/Engine_MaterialFunctions01/Texturing/ScaleUVsByCenter.uasset" 196
"../../../Engine/Content/Functions/Engine_MaterialFunctions02/ScreenResolution.uasset" 197
"../../../Engine/Content/Functions/Engine_MaterialFunctions02/Texturing/ScreenAlignedUVs.uasset" 198
"../../../Engine/Content/Functions/Engine_MaterialFunctions02/Utility/DepthFromWorldPosition.uasset" 199
"../../../../../../Users/Domin/Downloads/SteamVRInputPlugin_UEIntegratedsave/SteamVRInputPlugin_UEIntegrated 4.25/Content/EpicTemplates/VRTemplate/Materials/MF_OccludedPixels.uasset" 200
"../../../../../../Users/Domin/Downloads/SteamVRInputPlugin_UEIntegratedsave/SteamVRInputPlugin_UEIntegrated 4.25/Content/EpicTemplates/VRTemplate/Materials/TeleportMCP.uasset" 201
"../../../Engine/Content/EngineMaterials/Good64x64TilingNoiseHighFreq.uasset" 202
"../../../../../../Users/Domin/Downloads/SteamVRInputPlugin_UEIntegratedsave/SteamVRInputPlugin_UEIntegrated 4.25/Content/EpicTemplates/VRTemplate/Materials/M_ArcEndpoint.uasset" 203
"../../../../../../Users/Domin/Downloads/SteamVRInputPlugin_UEIntegratedsave/SteamVRInputPlugin_UEIntegrated 4.25/Content/EpicTemplates/VRTemplate/Materials/M_SplineArcMat.uasset" 204
"../../../../../../Users/Domin/Downloads/SteamVRInputPlugin_UEIntegratedsave/SteamVRInputPlugin_UEIntegrated 4.25/Content/EpicTemplates/VRTemplate/Materials/M_TeleportPreviews.uasset" 205
"../../../../../../Users/Domin/Downloads/SteamVRInputPlugin_UEIntegratedsave/SteamVRInputPlugin_UEIntegrated 4.25/Content/EpicTemplates/VRTemplate/Materials/MI_ChaperoneOutline.uasset" 206
"../../../../../../Users/Domin/Downloads/SteamVRInputPlugin_UEIntegratedsave/SteamVRInputPlugin_UEIntegrated 4.25/Content/EpicTemplates/VRTemplate/Materials/MI_TeleportCylinderPreview.uasset" 207
"../../../Engine/Content/BasicShapes/Cylinder.uasset" 208
"../../../Engine/Content/BasicShapes/Sphere.uasset" 209
"../../../../../../Users/Domin/Downloads/SteamVRInputPlugin_UEIntegratedsave/SteamVRInputPlugin_UEIntegrated 4.25/Content/EpicTemplates/VRTemplate/Mannequin/Character/Textures/UE4_Mannequin__normals.uasset" 210
"../../../../../../Users/Domin/Downloads/SteamVRInputPlugin_UEIntegratedsave/SteamVRInputPlugin_UEIntegrated 4.25/Content/EpicTemplates/VRTemplate/Mannequin/Character/Textures/UE4_Mannequin_MAT_MASKA.uasset" 211
"../../../../../../Users/Domin/Downloads/SteamVRInputPlugin_UEIntegratedsave/SteamVRInputPlugin_UEIntegrated 4.25/Content/EpicTemplates/VRTemplate/Mannequin/Character/Materials/M_HandMat.uasset" 212
"../../../../../../Users/Domin/Downloads/SteamVRInputPlugin_UEIntegratedsave/SteamVRInputPlugin_UEIntegrated 4.25/Content/EpicTemplates/VRTemplate/Mannequin/Character/Mesh/MannequinHand_Right_PhysicsAsset.uasset" 213
"../../../../../../Users/Domin/Downloads/SteamVRInputPlugin_UEIntegratedsave/SteamVRInputPlugin_UEIntegrated 4.25/Content/EpicTemplates/VRTemplate/Mannequin/Character/Mesh/MannequinHand_Right_Skeleton.uasset" 214
"../../../../../../Users/Domin/Downloads/SteamVRInputPlugin_UEIntegratedsave/SteamVRInputPlugin_UEIntegrated 4.25/Content/EpicTemplates/VRTemplate/Mannequin/Character/Mesh/MannequinHand_Right.uasset" 215
"../../../../../../Users/Domin/Downloads/SteamVRInputPlugin_UEIntegratedsave/SteamVRInputPlugin_UEIntegrated 4.25/Content/EpicTemplates/VRTemplate/Meshes/1x1_cube.uasset" 216
"../../../../../../Users/Domin/Downloads/SteamVRInputPlugin_UEIntegratedsave/SteamVRInputPlugin_UEIntegrated 4.25/Content/EpicTemplates/VRTemplate/Meshes/BeaconDirection.uasset" 217
"../../../../../../Users/Domin/Downloads/SteamVRInputPlugin_UEIntegratedsave/SteamVRInputPlugin_UEIntegrated 4.25/Content/EpicTemplates/VRTemplate/Meshes/BeamMesh.uasset" 218
"../../../../../../Users/Domin/Downloads/SteamVRInputPlugin_UEIntegratedsave/SteamVRInputPlugin_UEIntegrated 4.25/Content/EpicTemplates/VRTemplate/Meshes/SM_FatCylinder.uasset" 219
"../../../../../../Users/Domin/Downloads/SteamVRInputPlugin_UEIntegratedsave/SteamVRInputPlugin_UEIntegrated 4.25/Content/EpicTemplates/VRTemplate/Blueprints/BP_MotionController.uasset" 220
"../../../../../../Users/Domin/Downloads/SteamVRInputPlugin_UEIntegratedsave/SteamVRInputPlugin_UEIntegrated 4.25/Content/SteamVRAssets/Glove/T_Glove_Red.uasset" 221
"../../../../../../Users/Domin/Downloads/SteamVRInputPlugin_UEIntegratedsave/SteamVRInputPlugin_UEIntegrated 4.25/Content/SteamVRAssets/Glove/T_Glove_Red_N.uasset" 222
"../../../../../../Users/Domin/Downloads/SteamVRInputPlugin_UEIntegratedsave/SteamVRInputPlugin_UEIntegrated 4.25/Content/SteamVRAssets/Glove/M_Glove_Red.uasset" 223
"../../../../../../Users/Domin/Downloads/SteamVRInputPlugin_UEIntegratedsave/SteamVRInputPlugin_UEIntegrated 4.25/Content/SteamVRAssets/Glove/SK_Glove_Left.uasset" 224
"../../../../../../Users/Domin/Downloads/SteamVRInputPlugin_UEIntegratedsave/SteamVRInputPlugin_UEIntegrated 4.25/Content/SteamVRAssets/Glove/Glove_Right_PhysicsAsset.uasset" 225
"../../../../../../Users/Domin/Downloads/SteamVRInputPlugin_UEIntegratedsave/SteamVRInputPlugin_UEIntegrated 4.25/Content/SteamVRAssets/Glove/SK_Glove_Right.uasset" 226
"../../../../../../Users/Domin/Downloads/SteamVRInputPlugin_UEIntegratedsave/SteamVRInputPlugin_UEIntegrated 4.25/Content/EpicTemplates/VRTemplate/Blueprints/MotionControllerPawn.uasset" 227
"../../../../../../Users/Domin/Downloads/SteamVRInputPlugin_UEIntegratedsave/SteamVRInputPlugin_UEIntegrated 4.25/Content/Blueprints/EscapeGM_BP.uasset" 228
"../../../Engine/Content/BasicShapes/BasicShapeMaterial.uasset" 229
"../../../Engine/Content/BasicShapes/Cube.uasset" 230
"../../../../../../Users/Domin/Downloads/SteamVRInputPlugin_UEIntegratedsave/SteamVRInputPlugin_UEIntegrated 4.25/Content/Blueprints/ElevatorDoor.uasset" 231
"../../../../../../Users/Domin/Downloads/SteamVRInputPlugin_UEIntegratedsave/SteamVRInputPlugin_UEIntegrated 4.25/Content/Button/Button.uasset" 232
"../../../../../../Users/Domin/Downloads/SteamVRInputPlugin_UEIntegratedsave/SteamVRInputPlugin_UEIntegrated 4.25/Content/Button/Base.uasset" 233
"../../../../../../Users/Domin/Downloads/SteamVRInputPlugin_UEIntegratedsave/SteamVRInputPlugin_UEIntegrated 4.25/Content/Button/VR_button_Base.uasset" 234
"../../../../../../Users/Domin/Downloads/SteamVRInputPlugin_UEIntegratedsave/SteamVRInputPlugin_UEIntegrated 4.25/Content/Button/VR_button_Button.uasset" 235
"../../../../../../Users/Domin/Downloads/SteamVRInputPlugin_UEIntegratedsave/SteamVRInputPlugin_UEIntegrated 4.25/Content/Blueprints/VRButtonBase_BP.uasset" 236
"../../../../../../Users/Domin/Downloads/SteamVRInputPlugin_UEIntegratedsave/SteamVRInputPlugin_UEIntegrated 4.25/Content/Blueprints/VRButtonElevator_BP.uasset" 237
"../../../../../../Users/Domin/Downloads/SteamVRInputPlugin_UEIntegratedsave/SteamVRInputPlugin_UEIntegrated 4.25/Content/EpicTemplates/VRTemplate/Materials/M_BaseMaterial.uasset" 238
"../../../../../../Users/Domin/Downloads/SteamVRInputPlugin_UEIntegratedsave/SteamVRInputPlugin_UEIntegrated 4.25/Content/Geometry/Elevator.uasset" 239
"../../../../../../Users/Domin/Downloads/SteamVRInputPlugin_UEIntegratedsave/SteamVRInputPlugin_UEIntegrated 4.25/Content/Blueprints/Elevator.uasset" 240
"../../../Engine/Content/EngineSky/C_Sky_Cloud_Color.uasset" 241
"../../../Engine/Content/EngineSky/C_Sky_Horizon_Color.uasset" 242
"../../../Engine/Content/EngineSky/C_Sky_Zenith_Color.uasset" 243
"../../../Engine/Content/EngineSky/T_Sky_Blue.uasset" 244
"../../../Engine/Content/EngineSky/T_Sky_Clouds_M.uasset" 245
"../../../Engine/Content/EngineSky/T_Sky_Stars.uasset" 246
"../../../Engine/Content/EngineSky/M_Sky_Panning_Clouds2.uasset" 247
"../../../Engine/Content/EngineSky/SM_SkySphere.uasset" 248
"../../../Engine/Content/EngineSky/BP_Sky_Sphere.uasset" 249
"../../../../../../Users/Domin/Downloads/SteamVRInputPlugin_UEIntegratedsave/SteamVRInputPlugin_UEIntegrated 4.25/Content/EpicTemplates/VRTemplate/Blueprints/test.uasset" 250
"../../../../../../Users/Domin/Downloads/SteamVRInputPlugin_UEIntegratedsave/SteamVRInputPlugin_UEIntegrated 4.25/Content/Maps/Elevator.umap" 251
"../../../../../../Users/Domin/Downloads/SteamVRInputPlugin_UEIntegratedsave/SteamVRInputPlugin_UEIntegrated 4.25/Content/Blueprints/ElevatorOpenButton_BP.uasset" 252
"../../../../../../Users/Domin/Downloads/SteamVRInputPlugin_UEIntegratedsave/SteamVRInputPlugin_UEIntegrated 4.25/Content/Maps/Level1.umap" 253
"../../../../../../Users/Domin/Downloads/SteamVRInputPlugin_UEIntegratedsave/SteamVRInputPlugin_UEIntegrated 4.25/Content/Blueprints/VRButtonLaser_BP.uasset" 254
"../../../../../../Users/Domin/Downloads/SteamVRInputPlugin_UEIntegratedsave/SteamVRInputPlugin_UEIntegrated 4.25/Content/Blueprints/LaserBarrier_BP.uasset" 255
"../../../../../../Users/Domin/Downloads/SteamVRInputPlugin_UEIntegratedsave/SteamVRInputPlugin_UEIntegrated 4.25/Content/EpicTemplates/VRTemplate/Materials/MI_SmallCubes.uasset" 256
"../../../../../../Users/Domin/Downloads/SteamVRInputPlugin_UEIntegratedsave/SteamVRInputPlugin_UEIntegrated 4.25/Content/EpicTemplates/VRTemplate/Blueprints/BP_PickupCube.uasset" 257
"../../../../../../Users/Domin/Downloads/SteamVRInputPlugin_UEIntegratedsave/SteamVRInputPlugin_UEIntegrated 4.25/Content/Maps/Level2.umap" 258
"../../../../../../Users/Domin/Downloads/SteamVRInputPlugin_UEIntegratedsave/SteamVRInputPlugin_UEIntegrated 4.25/Content/Geometry/Couch.uasset" 259
"../../../../../../Users/Domin/Downloads/SteamVRInputPlugin_UEIntegratedsave/SteamVRInputPlugin_UEIntegrated 4.25/Content/Maps/Lobby.umap" 260
"../../../Engine/Content/Maps/Entry_BuiltData.uasset" 261
"../../../Engine/Content/Maps/Entry.umap" 262
